d:\bit\game\game2\game2\debug\vc120.pdb
d:\bit\game\game2\game2\debug\vc120.idb
d:\bit\game\game2\game2\debug\game.obj
d:\bit\game\game2\game2\debug\test.obj
f:\百度云盘\2018.11.18\bit\game\game2\game2\debug\vc120.pdb
f:\百度云盘\2018.11.18\bit\game\game2\game2\debug\vc120.idb
f:\百度云盘\2018.11.18\bit\game\game2\game2\debug\game.obj
f:\百度云盘\2018.11.18\bit\game\game2\game2\debug\test.obj
d:\bit\game\game2\debug\game2.ilk
d:\bit\game\game2\debug\game2.exe
d:\bit\game\game2\debug\game2.pdb
f:\百度云盘\2018.11.18\bit\game\game2\debug\game2.ilk
f:\百度云盘\2018.11.18\bit\game\game2\debug\game2.exe
f:\百度云盘\2018.11.18\bit\game\game2\debug\game2.pdb
f:\百度云盘\2018.11.18\bit\game\game2\game2\debug\game2.tlog\cl.command.1.tlog
f:\百度云盘\2018.11.18\bit\game\game2\game2\debug\game2.tlog\cl.read.1.tlog
f:\百度云盘\2018.11.18\bit\game\game2\game2\debug\game2.tlog\cl.write.1.tlog
f:\百度云盘\2018.11.18\bit\game\game2\game2\debug\game2.tlog\link.command.1.tlog
f:\百度云盘\2018.11.18\bit\game\game2\game2\debug\game2.tlog\link.read.1.tlog
f:\百度云盘\2018.11.18\bit\game\game2\game2\debug\game2.tlog\link.write.1.tlog
